<?xml version="1.0" encoding="UTF-8"?>
<testsuite name="com.sample.taxation.service.GeneralTaxEngineSpec" tests="3" skipped="0" failures="0" errors="0" timestamp="2017-11-02T14:52:48" hostname="TSYADAV-IN" time="0.01">
  <properties/>
  <testcase name="GeneralTaxEngine should calculate tax on &quot;com.sample.taxation.domain.Product@132e8bdb&quot; and &quot;200.45&quot; and return &quot;0&quot;." classname="com.sample.taxation.service.GeneralTaxEngineSpec" time="0.004"/>
  <testcase name="GeneralTaxEngine should calculate tax on &quot;com.sample.taxation.domain.Product@5e50a335&quot; and &quot;100&quot; and return &quot;17.50&quot;." classname="com.sample.taxation.service.GeneralTaxEngineSpec" time="0.001"/>
  <testcase name="GeneralTaxEngine should calculate tax on &quot;com.sample.taxation.domain.Product@39479b77&quot; and &quot;0.75&quot; and return &quot;0&quot;." classname="com.sample.taxation.service.GeneralTaxEngineSpec" time="0.001"/>
  <system-out><![CDATA[0
17.50
0
]]></system-out>
  <system-err><![CDATA[]]></system-err>
</testsuite>
