<?xml version="1.0" encoding="UTF-8"?>
<testsuite name="com.sample.taxation.domain.ProductSpec" tests="2" skipped="0" failures="0" errors="0" timestamp="2017-11-02T14:52:48" hostname="TSYADAV-IN" time="0.012">
  <properties/>
  <testcase name="book getters should return &quot;book&quot; and &quot;GENERAL&quot; " classname="com.sample.taxation.domain.ProductSpec" time="0.01"/>
  <testcase name="cd getters should return &quot;cd&quot; and &quot;GENERAL&quot; " classname="com.sample.taxation.domain.ProductSpec" time="0.0"/>
  <system-out><![CDATA[]]></system-out>
  <system-err><![CDATA[]]></system-err>
</testsuite>
