<?xml version="1.0" encoding="UTF-8"?>
<testsuite name="com.sample.taxation.service.TaxationServiceSpec" tests="2" skipped="0" failures="0" errors="0" timestamp="2017-11-03T00:33:04" hostname="TSYADAV-IN" time="0.024">
  <properties/>
  <testcase name="TaxationServiceSpec calculateTax &quot;class TaxRequest {&#10;    purchaseItems: [class Item {&#10;        itemName: book&#10;        quantity: 1&#10;        chargeAmount: 29.49&#10;    }, class Item {&#10;        itemName: music cd&#10;        quantity: 1&#10;        chargeAmount: 15.99&#10;    }, class Item {&#10;        itemName: chocolate snack&#10;        quantity: 1&#10;        chargeAmount: 0.75&#10;    }]&#10;}&quot;  and apply tax on purchase list and output with taxes &quot;class TaxResponse {&#10;    taxImpacts: [class Item {&#10;        itemName: book&#10;        quantity: 1&#10;        chargeAmount: 34.69&#10;    }, class Item {&#10;        itemName: music cd&#10;        quantity: 1&#10;        chargeAmount: 20.04&#10;    }, class Item {&#10;        itemName: chocolate snack&#10;        quantity: 1&#10;        chargeAmount: 0.90&#10;    }]&#10;    salesTax: 9.40&#10;    totalAmount: 55.63&#10;}&quot;." classname="com.sample.taxation.service.TaxationServiceSpec" time="0.021"/>
  <testcase name="TaxationServiceSpec calculateTax &quot;class TaxRequest {&#10;    purchaseItems: [class Item {&#10;        itemName: bottle of wine&#10;        quantity: 1&#10;        chargeAmount: 20.99&#10;    }, class Item {&#10;        itemName: box of tooth ache pills&#10;        quantity: 1&#10;        chargeAmount: 4.15&#10;    }, class Item {&#10;        itemName: box of pins&#10;        quantity: 1&#10;        chargeAmount: 11.25&#10;    }, class Item {&#10;        itemName: music cd&#10;        quantity: 1&#10;        chargeAmount: 14.99&#10;    }]&#10;}&quot;  and apply tax on purchase list and output with taxes &quot;class TaxResponse {&#10;    taxImpacts: [class Item {&#10;        itemName: bottle of wine&#10;        quantity: 1&#10;        chargeAmount: 24.69&#10;    }, class Item {&#10;        itemName: box of tooth ache pills&#10;        quantity: 1&#10;        chargeAmount: 4.15&#10;    }, class Item {&#10;        itemName: box of pins&#10;        quantity: 1&#10;        chargeAmount: 13.25&#10;    }, class Item {&#10;        itemName: music cd&#10;        quantity: 1&#10;        chargeAmount: 18.89&#10;    }]&#10;    salesTax: 9.60&#10;    totalAmount: 60.98&#10;}&quot;." classname="com.sample.taxation.service.TaxationServiceSpec" time="0.001"/>
  <system-out><![CDATA[06:03:04.070 [Test worker] INFO com.sample.taxation.service.TaxationService -  Enter calculateTax
06:03:04.086 [Test worker] INFO com.sample.taxation.service.TaxationService -  Output : 
 1 book : 34.69 
1 music cd : 20.04 
1 chocolate snack : 0.90
Sales Taxes: 9.40
Total: 55.63

06:03:04.088 [Test worker] INFO com.sample.taxation.service.TaxationService -  Exit calculateTax
06:03:04.090 [Test worker] INFO com.sample.taxation.service.TaxationService -  Enter calculateTax
06:03:04.091 [Test worker] INFO com.sample.taxation.service.TaxationService -  Output : 
 1 bottle of wine : 24.69 
1 box of tooth ache pills : 4.15 
1 box of pins : 13.25 
1 music cd : 18.89
Sales Taxes: 9.60
Total: 60.98

06:03:04.091 [Test worker] INFO com.sample.taxation.service.TaxationService -  Exit calculateTax
]]></system-out>
  <system-err><![CDATA[]]></system-err>
</testsuite>
